<?xml version="1.0" encoding="UTF-8"?>
<!-- Generated by org.testng.reporters.JUnitReportReporter -->
<testsuite hostname="JEET" failures="0" tests="1" name="EC_Positive_TestCase.TC003_CreateOrder" time="0.302" errors="0" timestamp="2023-02-17T09:57:00 IST" skipped="0">
  <testcase classname="EC_Positive_TestCase.TC003_CreateOrder" name="createOrder" time="0.302"/>
  <system-out/>
</testsuite> <!-- EC_Positive_TestCase.TC003_CreateOrder -->
