<?xml version="1.0" encoding="UTF-8"?>
<!-- Generated by org.testng.reporters.JUnitReportReporter -->
<testsuite hostname="DESKTOP-4F545DN" failures="0" tests="1" name="EC_TestCase.TC003_CreateOrder" time="0.644" errors="0" timestamp="2023-02-01T12:43:54 IST" skipped="0">
  <testcase classname="EC_TestCase.TC003_CreateOrder" name="createOrder" time="0.644"/>
  <system-out/>
</testsuite> <!-- EC_TestCase.TC003_CreateOrder -->
